<?xml version="1.0" encoding="UTF-8" ?>
<testsuite tests="15" failures="0" name="no.priv.garshol.duke.comparators.LongestCommonSubstringTest" time="0.01" errors="0" skipped="0">
  <properties>
[...]
</properties>
  <testcase classname="no.priv.garshol.duke.comparators.LongestCommonSubstringTest" name="testChristen5_21b" time="0"/>
  <testcase classname="no.priv.garshol.duke.comparators.LongestCommonSubstringTest" name="testChristen5_21c" time="0"/>
  <testcase classname="no.priv.garshol.duke.comparators.LongestCommonSubstringTest" name="testChristen5_21" time="0"/>
  <testcase classname="no.priv.garshol.duke.comparators.LongestCommonSubstringTest" name="testDice1" time="0"/>
  <testcase classname="no.priv.garshol.duke.comparators.LongestCommonSubstringTest" name="testDice2" time="0"/>
  <testcase classname="no.priv.garshol.duke.comparators.LongestCommonSubstringTest" name="testEmpty" time="0"/>
  <testcase classname="no.priv.garshol.duke.comparators.LongestCommonSubstringTest" name="testComparatorEqual" time="0"/>
  <testcase classname="no.priv.garshol.duke.comparators.LongestCommonSubstringTest" name="testSelf" time="0"/>
  <testcase classname="no.priv.garshol.duke.comparators.LongestCommonSubstringTest" name="testJaccard1" time="0"/>
  <testcase classname="no.priv.garshol.duke.comparators.LongestCommonSubstringTest" name="testJaccard2" time="0"/>
  <testcase classname="no.priv.garshol.duke.comparators.LongestCommonSubstringTest" name="testComparatorTotallyDifferent" time="0"/>
  <testcase classname="no.priv.garshol.duke.comparators.LongestCommonSubstringTest" name="testSymmetric" time="0"/>
  <testcase classname="no.priv.garshol.duke.comparators.LongestCommonSubstringTest" name="testHotels2" time="0"/>
  <testcase classname="no.priv.garshol.duke.comparators.LongestCommonSubstringTest" name="testEmpty2" time="0"/>
  <testcase classname="no.priv.garshol.duke.comparators.LongestCommonSubstringTest" name="testHotels" time="0"/>
</testsuite>